This is pdfTeX, Version 3.1415926-2.3-1.40.12 (MiKTeX 2.9) (preloaded format=pdflatex 2012.5.20)  18 JAN 2015 04:06
entering extended mode
**Supplementary*Material.tex

("C:\D\Li Jun\Papers\State Preparation and Preserving on Liquid Nuclear Spin Sy
stem by Periodic Control of the Relaxation Dynamics\PRL Version 7\Supplementary
\Supplementary Material.tex"
LaTeX2e <2011/06/27>
Babel <v3.8m> and hyphenation patterns for loaded.
(C:\C\CTEX\MiKTeX\tex\latex\revtex4\revtex4.cls
Document Class: revtex4 2001/08/03 v4.0 (http://publish.aps.org/revtex4/ for do
cumentation)
 Copyright (c) 2001 The American Physical Society.
 mailto:revtex@aps.org
 Licensed under the LPPL:
http://www.ctan.org/tex-archive/macros/latex/base/lppl.txt
 Arthur Ogawa <ogawa@teleport.com>
 Based on work by David Carlisle <david@dcarlisle.demon.co.uk>.
ltxutil: portions licensed from W. E. Baxter (web@superscript.com)
Class revtex4 Info: Repairing broken LateX \@sect on input line 596.
\intertabularlinepenalty=\count79
\@tbpen=\count80
\@arstrutbox@hline=\box26
Class revtex4 Info: Repairing broken LaTeX \@xbitor on input line 1610.
ltxgrid: portions licensed from W. E. Baxter (web@superscript.com)
\c@linecount=\count81
\output=\toks14
\@protection@box=\box27
\@topmark@saved=\toks15
\footins@saved=\box28
\pagesofar=\box29
\footbox=\box30
\pagegrid@col=\count82
Class revtex4 Info: Incorporating package {textcase}  [1998/11/12 v0.06 Text on
ly upper/lower case changing (DPC)]. on input line 3682.
(C:\C\CTEX\MiKTeX\tex\latex\ltxmisc\url.sty
\Urlmuskip=\muskip10
Package: url 2006/04/12  ver 3.3  Verb mode for urls, etc.
)
\c@affil=\count83
\absbox=\box31
\c@part=\count84
\c@section=\count85
\c@subsection=\count86
\c@subsubsection=\count87
\c@paragraph=\count88
\c@subparagraph=\count89
\abovecaptionskip=\skip41
\belowcaptionskip=\skip42
\c@figure=\count90
\c@table=\count91

(C:\C\CTEX\MiKTeX\tex\latex\natbib\natbib.sty
Package: natbib 2010/09/13 8.31b (PWD, AO)
\bibhang=\skip43
\bibsep=\skip44
LaTeX Info: Redefining \cite on input line 694.
\c@NAT@ctr=\count92
)
\widetext@top=\box32
\widetext@bot=\box33

(C:\C\CTEX\MiKTeX\tex\latex\revtex4\revsymb.sty
Package: revsymb 2001/08/03 v4.0 (http://publish.aps.org/revtex4/ for documenta
tion)
LaTeX Info: Redefining \REV@mathfrak on input line 118.
))
(C:\C\CTEX\MiKTeX\tex\latex\revtex4\aps.rtx
File: aps.rtx 2001/08/03 v4.0 (http://publish.aps.org/revtex4/ for documentatio
n)
)
(C:\C\CTEX\MiKTeX\tex\latex\revtex4\11pt.rtx
File: 11pt.rtx 2001/08/03 v4.0 (http://publish.aps.org/revtex4/ for documentati
on)
)
(C:\C\CTEX\MiKTeX\tex\latex\base\latexsym.sty
Package: latexsym 1998/08/17 v2.2e Standard LaTeX package (lasy symbols)
\symlasy=\mathgroup4
LaTeX Font Info:    Overwriting symbol font `lasy' in version `bold'
(Font)                  U/lasy/m/n --> U/lasy/b/n on input line 47.
)
(C:\C\CTEX\MiKTeX\tex\latex\ams\classes\amsthm.sty
Package: amsthm 2004/08/06 v2.20
\thm@style=\toks16
\thm@bodyfont=\toks17
\thm@headfont=\toks18
\thm@notefont=\toks19
\thm@headpunct=\toks20
\thm@preskip=\skip45
\thm@postskip=\skip46
\thm@headsep=\skip47
\dth@everypar=\toks21
)
(C:\C\CTEX\MiKTeX\tex\latex\amsfonts\amssymb.sty
Package: amssymb 2009/06/22 v3.00

(C:\C\CTEX\MiKTeX\tex\latex\amsfonts\amsfonts.sty
Package: amsfonts 2009/06/22 v3.00 Basic AMSFonts support
\@emptytoks=\toks22
\symAMSa=\mathgroup5
\symAMSb=\mathgroup6
LaTeX Font Info:    Overwriting math alphabet `\mathfrak' in version `bold'
(Font)                  U/euf/m/n --> U/euf/b/n on input line 96.
LaTeX Info: Redefining \frak on input line 99.
LaTeX Info: Redefining \Bbb on input line 101.
))
(C:\C\CTEX\MiKTeX\tex\latex\ams\math\amsmath.sty
Package: amsmath 2000/07/18 v2.13 AMS math features
\@mathmargin=\skip48

For additional information on amsmath, use the `?' option.
(C:\C\CTEX\MiKTeX\tex\latex\ams\math\amstext.sty
Package: amstext 2000/06/29 v2.01

(C:\C\CTEX\MiKTeX\tex\latex\ams\math\amsgen.sty
File: amsgen.sty 1999/11/30 v2.0
\@emptytoks=\toks23
\ex@=\dimen102
))
(C:\C\CTEX\MiKTeX\tex\latex\ams\math\amsbsy.sty
Package: amsbsy 1999/11/29 v1.2d
\pmbraise@=\dimen103
)
(C:\C\CTEX\MiKTeX\tex\latex\ams\math\amsopn.sty
Package: amsopn 1999/12/14 v2.01 operator names
)
\inf@bad=\count93
LaTeX Info: Redefining \frac on input line 211.
\uproot@=\count94
\leftroot@=\count95
LaTeX Info: Redefining \overline on input line 307.
\classnum@=\count96
\DOTSCASE@=\count97
LaTeX Info: Redefining \ldots on input line 379.
LaTeX Info: Redefining \dots on input line 382.
LaTeX Info: Redefining \cdots on input line 467.
\Mathstrutbox@=\box34
\strutbox@=\box35
\big@size=\dimen104
LaTeX Font Info:    Redeclaring font encoding OML on input line 567.
LaTeX Font Info:    Redeclaring font encoding OMS on input line 568.
\macc@depth=\count98
\c@MaxMatrixCols=\count99
\dotsspace@=\muskip11
\c@parentequation=\count100
\dspbrk@lvl=\count101
\tag@help=\toks24
\row@=\count102
\column@=\count103
\maxfields@=\count104
\andhelp@=\toks25
\eqnshift@=\dimen105
\alignsep@=\dimen106
\tagshift@=\dimen107
\tagwidth@=\dimen108
\totwidth@=\dimen109
\lineht@=\dimen110
\@envbody=\toks26
\multlinegap=\skip49
\multlinetaggap=\skip50
\mathdisplay@stack=\toks27
LaTeX Info: Redefining \[ on input line 2666.
LaTeX Info: Redefining \] on input line 2667.
)
(C:\C\CTEX\MiKTeX\tex\generic\xypic\xy.sty
(C:\C\CTEX\MiKTeX\tex\generic\xypic\xy.tex Bootstrap'ing: catcodes, docmode,
(C:\C\CTEX\MiKTeX\tex\generic\xypic\xyrecat.tex)
(C:\C\CTEX\MiKTeX\tex\generic\xypic\xyidioms.tex)

 Xy-pic version 3.8.6 <2011/05/27>
 Copyright (c) 1991-2011 by Kristoffer H. Rose <krisrose@tug.org>
 Xy-pic is free software: see the User's Guide for details.

Loading kernel: messages; fonts; allocations: state,
\X@c=\dimen111
\Y@c=\dimen112
\U@c=\dimen113
\D@c=\dimen114
\L@c=\dimen115
\R@c=\dimen116
\Edge@c=\toks28
\X@p=\dimen117
\Y@p=\dimen118
\U@p=\dimen119
\D@p=\dimen120
\L@p=\dimen121
\R@p=\dimen122
\Edge@p=\toks29
\X@origin=\dimen123
\Y@origin=\dimen124
\X@xbase=\dimen125
\Y@xbase=\dimen126
\X@ybase=\dimen127
\Y@ybase=\dimen128
\X@min=\dimen129
\Y@min=\dimen130
\X@max=\dimen131
\Y@max=\dimen132
\lastobjectbox@=\box36
\zerodotbox@=\box37
\almostz@=\dimen133
 direction,
\d@X=\dimen134
\d@Y=\dimen135
\K@=\count105
\KK@=\count106
\Direction=\count107
\K@dXdY=\dimen136
\K@dYdX=\dimen137
\xyread@=\read1
\xywrite@=\write3
\csp@=\count108
\quotPTK@=\dimen138

utility macros; pictures: \xy, positions,
\swaptoks@@=\toks30
\connectobjectbox@@=\box38
 objects,
\styletoks@=\toks31
 decorations;
kernel objects: directionals, circles, text; options; algorithms: directions,
edges, connections;  Xy-pic loaded)
(C:\C\CTEX\MiKTeX\tex\generic\oberdiek\ifpdf.sty
Package: ifpdf 2011/01/30 v2.3 Provides the ifpdf switch (HO)
Package ifpdf Info: pdfTeX in PDF mode is detected.
)
Package: xy 2011/05/27 Xy-pic version 3.8.6

(C:\C\CTEX\MiKTeX\tex\generic\xypic\xyall.tex
 Xy-pic option: All features v.3.8
(C:\C\CTEX\MiKTeX\tex\generic\xypic\xycurve.tex
 Xy-pic option: Curve and Spline extension v.3.12 curve,
\crv@cnt@=\count109
\crvpts@=\toks32
\splinebox@=\box39
\splineval@=\dimen139
\splinedepth@=\dimen140
\splinetol@=\dimen141
\splinelength@=\dimen142
 circles,
\L@=\dimen143
 loaded)
(C:\C\CTEX\MiKTeX\tex\generic\xypic\xyframe.tex
 Xy-pic option: Frame and Bracket extension v.3.13 loaded)
(C:\C\CTEX\MiKTeX\tex\generic\xypic\xycmtip.tex
 Xy-pic option: Computer Modern tip extension v.3.7
(C:\C\CTEX\MiKTeX\tex\generic\xypic\xytips.tex
 Xy-pic option: More Tips extension v.3.9 loaded) loaded)
(C:\C\CTEX\MiKTeX\tex\generic\xypic\xyline.tex
 Xy-pic option: Line styles extension v.3.10
\xylinethick@=\dimen144
 loaded)
(C:\C\CTEX\MiKTeX\tex\generic\xypic\xyrotate.tex
 Xy-pic option: Rotate and Scale extension v.3.8 loaded)
(C:\C\CTEX\MiKTeX\tex\generic\xypic\xycolor.tex
 Xy-pic option: Colour extension v.3.11 loaded)
(C:\C\CTEX\MiKTeX\tex\generic\xypic\xymatrix.tex
 Xy-pic option: Matrix feature v.3.14
\Row=\count110
\Col=\count111
\queue@=\toks33
\queue@@=\toks34
\qcount@=\count112
\qcount@@=\count113
\matrixsize@=\count114
 loaded)
(C:\C\CTEX\MiKTeX\tex\generic\xypic\xyarrow.tex
 Xy-pic option: Arrow and Path feature v.3.9 path, \ar, loaded)
(C:\C\CTEX\MiKTeX\tex\generic\xypic\xygraph.tex
 Xy-pic option: Graph feature v.3.11 loaded) loaded)
(C:\C\CTEX\MiKTeX\tex\generic\xypic\xypdf.tex  Xy-pic option: PDF driver v.1.7
Xy-pic pdf driver: `color' extension support
(C:\C\CTEX\MiKTeX\tex\generic\xypic\xypdf-co.tex loaded)
Xy-pic pdf driver: `curve' extension support
(C:\C\CTEX\MiKTeX\tex\generic\xypic\xypdf-cu.tex loaded)
Xy-pic pdf driver: `frame' extension support
(C:\C\CTEX\MiKTeX\tex\generic\xypic\xypdf-fr.tex loaded)
Xy-pic pdf driver: `line' extension support
(C:\C\CTEX\MiKTeX\tex\generic\xypic\xypdf-li.tex loaded)
Xy-pic pdf driver: `rotate' extension support
(C:\C\CTEX\MiKTeX\tex\generic\xypic\xypdf-ro.tex loaded) loaded))
(C:\C\CTEX\MiKTeX\tex\latex\graphics\graphicx.sty
Package: graphicx 1999/02/16 v1.0f Enhanced LaTeX Graphics (DPC,SPQR)

(C:\C\CTEX\MiKTeX\tex\latex\graphics\keyval.sty
Package: keyval 1999/03/16 v1.13 key=value parser (DPC)
\KV@toks@=\toks35
)
(C:\C\CTEX\MiKTeX\tex\latex\graphics\graphics.sty
Package: graphics 2009/02/05 v1.0o Standard LaTeX Graphics (DPC,SPQR)

(C:\C\CTEX\MiKTeX\tex\latex\graphics\trig.sty
Package: trig 1999/03/16 v1.09 sin cos tan (DPC)
)
(C:\C\CTEX\MiKTeX\tex\latex\00miktex\graphics.cfg
File: graphics.cfg 2007/01/18 v1.5 graphics configuration of teTeX/TeXLive
)
Package graphics Info: Driver file: pdftex.def on input line 91.

(C:\C\CTEX\MiKTeX\tex\latex\pdftex-def\pdftex.def
File: pdftex.def 2011/05/27 v0.06d Graphics/color for pdfTeX

(C:\C\CTEX\MiKTeX\tex\generic\oberdiek\infwarerr.sty
Package: infwarerr 2010/04/08 v1.3 Providing info/warning/message (HO)
)
(C:\C\CTEX\MiKTeX\tex\generic\oberdiek\ltxcmds.sty
Package: ltxcmds 2011/04/18 v1.20 LaTeX kernel commands for general use (HO)
)
\Gread@gobject=\count115
))
\Gin@req@height=\dimen145
\Gin@req@width=\dimen146
)
(C:\C\CTEX\MiKTeX\tex\latex\subfigure\subfigure.sty
Package: subfigure 2002/07/30 v2.1.4 subfigure package
\subfigtopskip=\skip51
\subfigcapskip=\skip52
\subfigcaptopadj=\dimen147
\subfigbottomskip=\skip53
\subfigcapmargin=\dimen148
\subfiglabelskip=\skip54
\c@subfigure=\count116
\c@lofdepth=\count117
\c@subtable=\count118
\c@lotdepth=\count119

****************************************
* Local config file subfigure.cfg used *
****************************************
(C:\C\CTEX\MiKTeX\tex\latex\subfigure\subfigure.cfg)
\subfig@top=\skip55
\subfig@bottom=\skip56
)
(C:\C\CTEX\MiKTeX\tex\latex\tools\dcolumn.sty
Package: dcolumn 2001/05/28 v1.06 decimal alignment package (DPC)

(C:\C\CTEX\MiKTeX\tex\latex\tools\array.sty
Package: array 2008/09/09 v2.4c Tabular extension package (FMi)
\col@sep=\dimen149
\extrarowheight=\dimen150
\NC@list=\toks36
\extratabsurround=\skip57
\backup@length=\skip58
))
(C:\C\CTEX\MiKTeX\tex\latex\tools\bm.sty
Package: bm 2004/02/26 v1.1c Bold Symbol Support (DPC/FMi)
\symboldoperators=\mathgroup7
\symboldletters=\mathgroup8
\symboldsymbols=\mathgroup9
\symboldlasy=\mathgroup10
LaTeX Font Info:    Redeclaring math alphabet \mathbf on input line 138.
LaTeX Info: Redefining \bm on input line 204.
)
(C:\C\CTEX\MiKTeX\tex\latex\graphics\color.sty
Package: color 2005/11/14 v1.0j Standard LaTeX Color (DPC)

(C:\C\CTEX\MiKTeX\tex\latex\00miktex\color.cfg
File: color.cfg 2007/01/18 v1.5 color configuration of teTeX/TeXLive
)
Package color Info: Driver file: pdftex.def on input line 130.
)
(C:\C\CTEX\MiKTeX\tex\latex\hyperref\hyperref.sty
Package: hyperref 2012/02/06 v6.82o Hypertext links for LaTeX

(C:\C\CTEX\MiKTeX\tex\generic\oberdiek\hobsub-hyperref.sty
Package: hobsub-hyperref 2011/04/23 v1.4 Bundle oberdiek, subset hyperref (HO)

(C:\C\CTEX\MiKTeX\tex\generic\oberdiek\hobsub-generic.sty
Package: hobsub-generic 2011/04/23 v1.4 Bundle oberdiek, subset generic (HO)
Package: hobsub 2011/04/23 v1.4 Subsetting bundle oberdiek (HO)
Package hobsub Info: Skipping package `infwarerr' (already loaded).
Package hobsub Info: Skipping package `ltxcmds' (already loaded).
Package: ifluatex 2010/03/01 v1.3 Provides the ifluatex switch (HO)
Package ifluatex Info: LuaTeX not detected.
Package: ifvtex 2010/03/01 v1.5 Switches for detecting VTeX and its modes (HO)
Package ifvtex Info: VTeX not detected.
Package: intcalc 2007/09/27 v1.1 Expandable integer calculations (HO)
Package hobsub Info: Skipping package `ifpdf' (already loaded).
Package: etexcmds 2011/02/16 v1.5 Prefix for e-TeX command names (HO)
Package etexcmds Info: Could not find \expanded.
(etexcmds)             That can mean that you are not using pdfTeX 1.50 or
(etexcmds)             that some package has redefined \expanded.
(etexcmds)             In the latter case, load this package earlier.
Package: kvsetkeys 2011/04/07 v1.13 Key value parser (HO)
Package: kvdefinekeys 2011/04/07 v1.3 Defining keys (HO)
Package: pdftexcmds 2011/04/22 v0.16 Utilities of pdfTeX for LuaTeX (HO)
Package pdftexcmds Info: LuaTeX not detected.
Package pdftexcmds Info: \pdf@primitive is available.
Package pdftexcmds Info: \pdf@ifprimitive is available.
Package pdftexcmds Info: \pdfdraftmode found.
Package: pdfescape 2011/04/04 v1.12 Provides string conversions (HO)
Package: bigintcalc 2011/01/30 v1.2 Expandable big integer calculations (HO)
Package: bitset 2011/01/30 v1.1 Data type bit set (HO)
Package: uniquecounter 2011/01/30 v1.2 Provides unlimited unique counter (HO)
)
Package hobsub Info: Skipping package `hobsub' (already loaded).
Package: letltxmacro 2010/09/02 v1.4 Let assignment for LaTeX macros (HO)
Package: hopatch 2011/01/30 v1.0 Wrapper for package hooks (HO)
Package: xcolor-patch 2011/01/30 xcolor patch
Package: atveryend 2011/04/23 v1.7 Hooks at very end of document (HO)
Package: atbegshi 2011/01/30 v1.15 At begin shipout hook (HO)
Package: refcount 2010/12/01 v3.2 Data extraction from references (HO)
Package: hycolor 2011/01/30 v1.7 Color options of hyperref/bookmark (HO)
)
(C:\C\CTEX\MiKTeX\tex\generic\ifxetex\ifxetex.sty
Package: ifxetex 2010/09/12 v0.6 Provides ifxetex conditional
)
(C:\C\CTEX\MiKTeX\tex\latex\oberdiek\kvoptions.sty
Package: kvoptions 2010/12/23 v3.10 Keyval support for LaTeX options (HO)
)
\@linkdim=\dimen151
\Hy@linkcounter=\count120
\Hy@pagecounter=\count121

(C:\C\CTEX\MiKTeX\tex\latex\hyperref\pd1enc.def
File: pd1enc.def 2012/02/06 v6.82o Hyperref: PDFDocEncoding definition (HO)
)
\Hy@SavedSpaceFactor=\count122

(C:\C\CTEX\MiKTeX\tex\latex\00miktex\hyperref.cfg
File: hyperref.cfg 2002/06/06 v1.2 hyperref configuration of TeXLive
)

Package hyperref Warning: Option `a4paper' is no longer used.

Package hyperref Info: Option `colorlinks' set `true' on input line 3925.
Package hyperref Info: Hyper figures OFF on input line 4046.
Package hyperref Info: Link nesting OFF on input line 4051.
Package hyperref Info: Hyper index ON on input line 4054.
Package hyperref Info: Plain pages OFF on input line 4061.
Package hyperref Info: Backreferencing ON on input line 4064.
Package hyperref Info: Implicit mode ON; LaTeX internals redefined.
Package hyperref Info: Bookmarks ON on input line 4284.
(C:\C\CTEX\MiKTeX\tex\latex\hyperref\backref.sty
Package: backref 2010/08/30 v1.36 Bibliographical back referencing

(C:\C\CTEX\MiKTeX\tex\latex\oberdiek\rerunfilecheck.sty
Package: rerunfilecheck 2011/04/15 v1.7 Rerun checks for auxiliary files (HO)
Package uniquecounter Info: New unique counter `rerunfilecheck' on input line 2
82.
))
\c@Hy@tempcnt=\count123
LaTeX Info: Redefining \url on input line 4637.
\Fld@menulength=\count124
\Field@Width=\dimen152
\Fld@charsize=\dimen153
Package hyperref Info: Hyper figures OFF on input line 5757.
Package hyperref Info: Link nesting OFF on input line 5762.
Package hyperref Info: Hyper index ON on input line 5765.
Package hyperref Info: backreferencing ON on input line 5770.
Package hyperref Info: Link coloring ON on input line 5775.
Package hyperref Info: Link coloring with OCG OFF on input line 5782.
Package hyperref Info: PDF/A mode OFF on input line 5787.
LaTeX Info: Redefining \ref on input line 5827.
LaTeX Info: Redefining \pageref on input line 5831.
\Hy@abspage=\count125
\c@Item=\count126
\c@Hfootnote=\count127
)

Package hyperref Message: Driver (autodetected): hpdftex.

(C:\C\CTEX\MiKTeX\tex\latex\hyperref\hpdftex.def
File: hpdftex.def 2012/02/06 v6.82o Hyperref driver for pdfTeX
\Fld@listcount=\count128
\c@bookmark@seq@number=\count129
\Hy@SectionHShift=\skip59
)
("C:\D\Li Jun\Papers\State Preparation and Preserving on Liquid Nuclear Spin Sy
stem by Periodic Control of the Relaxation Dynamics\PRL Version 7\Supplementary
\Supplementary Material.aux")
LaTeX Font Info:    Checking defaults for OML/cmm/m/it on input line 41.
LaTeX Font Info:    ... okay on input line 41.
LaTeX Font Info:    Checking defaults for T1/cmr/m/n on input line 41.
LaTeX Font Info:    ... okay on input line 41.
LaTeX Font Info:    Checking defaults for OT1/cmr/m/n on input line 41.
LaTeX Font Info:    ... okay on input line 41.
LaTeX Font Info:    Checking defaults for OMS/cmsy/m/n on input line 41.
LaTeX Font Info:    ... okay on input line 41.
LaTeX Font Info:    Checking defaults for OMX/cmex/m/n on input line 41.
LaTeX Font Info:    ... okay on input line 41.
LaTeX Font Info:    Checking defaults for U/cmr/m/n on input line 41.
LaTeX Font Info:    ... okay on input line 41.
LaTeX Font Info:    Checking defaults for PD1/pdf/m/n on input line 41.
LaTeX Font Info:    ... okay on input line 41.
Class revtex4 Info: Patching array package. on input line 41.
Class revtex4 Info: cite was not loaded (OK!) on input line 41.
Class revtex4 Info: multicol was not loaded (OK!) on input line 41.
LaTeX Font Info:    Try loading font information for U+lasy on input line 41.
 (C:\C\CTEX\MiKTeX\tex\latex\base\ulasy.fd
File: ulasy.fd 1998/08/17 v2.2e LaTeX symbol font definitions
)
LaTeX Font Info:    Try loading font information for U+msa on input line 41.

(C:\C\CTEX\MiKTeX\tex\latex\amsfonts\umsa.fd
File: umsa.fd 2009/06/22 v3.00 AMS symbols A
)
LaTeX Font Info:    Try loading font information for U+msb on input line 41.

(C:\C\CTEX\MiKTeX\tex\latex\amsfonts\umsb.fd
File: umsb.fd 2009/06/22 v3.00 AMS symbols B
)
LaTeX Font Info:    Font shape `U/lasy/b/n' in size <8> not available
(Font)              Font shape `U/lasy/m/n' tried instead on input line 41.
LaTeX Font Info:    Font shape `U/lasy/b/n' in size <6> not available
(Font)              Font shape `U/lasy/m/n' tried instead on input line 41.
Package xypdf Info: Line width: 0.43799pt on input line 41.

(C:\C\CTEX\MiKTeX\tex\context\base\supp-pdf.mkii
[Loading MPS to PDF converter (version 2006.09.02).]
\scratchcounter=\count130
\scratchdimen=\dimen154
\scratchbox=\box40
\nofMPsegments=\count131
\nofMParguments=\count132
\everyMPshowfont=\toks37
\MPscratchCnt=\count133
\MPscratchDim=\dimen155
\MPnumerator=\count134
\makeMPintoPDFobject=\count135
\everyMPtoPDFconversion=\toks38
)
\AtBeginShipoutBox=\box41
Package backref Info: ** backref set up for natbib ** on input line 41.
Package hyperref Info: Link coloring ON on input line 41.
 (C:\C\CTEX\MiKTeX\tex\latex\hyperref\nameref.sty
Package: nameref 2010/04/30 v2.40 Cross-referencing by name of section

(C:\C\CTEX\MiKTeX\tex\generic\oberdiek\gettitlestring.sty
Package: gettitlestring 2010/12/03 v1.4 Cleanup title references (HO)
)
\c@section@level=\count136
)
LaTeX Info: Redefining \ref on input line 41.
LaTeX Info: Redefining \pageref on input line 41.
LaTeX Info: Redefining \nameref on input line 41.

("C:\D\Li Jun\Papers\State Preparation and Preserving on Liquid Nuclear Spin Sy
stem by Periodic Control of the Relaxation Dynamics\PRL Version 7\Supplementary
\Supplementary Material.out")
("C:\D\Li Jun\Papers\State Preparation and Preserving on Liquid Nuclear Spin Sy
stem by Periodic Control of the Relaxation Dynamics\PRL Version 7\Supplementary
\Supplementary Material.out")
\@outlinefile=\write4
 [1{C:/C/CTEX/UserData/pdftex/config/pdftex.map{Unicode.sfd}{UGBK.sfd}}]
Missing character: There is no £ in font cmti10!
Missing character: There is no º in font cmti10!
 [2] [3]
LaTeX Font Info:    Try loading font information for OMS+cmr on input line 144.

 (C:\C\CTEX\MiKTeX\tex\latex\base\omscmr.fd
File: omscmr.fd 1999/05/25 v2.5h Standard LaTeX font definitions
)
LaTeX Font Info:    Font shape `OMS/cmr/m/n' in size <10.95> not available
(Font)              Font shape `OMS/cmsy/m/n' tried instead on input line 144.

<Population.pdf, id=64, 867.24pt x 289.08pt>
File: Population.pdf Graphic file (type pdf)
 <use Population.pdf>
Package pdftex.def Info: Population.pdf used on input line 230.
(pdftex.def)             Requested size: 421.19714pt x 140.40211pt.
 [4] [5 <C:/D/Li Jun/Papers/State Preparation and Preserving on Liquid Nuclear 
Spin System by Periodic Control of the Relaxation Dynamics/PRL Version 7/Supple
mentary/Population.pdf>] <CCoherence.pdf, id=110, 867.24pt x 578.16pt>
File: CCoherence.pdf Graphic file (type pdf)
 <use CCoherence.pdf>
Package pdftex.def Info: CCoherence.pdf used on input line 239.
(pdftex.def)             Requested size: 374.40143pt x 249.60083pt.

<HCoherence.pdf, id=111, 867.24pt x 578.16pt>
File: HCoherence.pdf Graphic file (type pdf)
 <use HCoherence.pdf>
Package pdftex.def Info: HCoherence.pdf used on input line 247.
(pdftex.def)             Requested size: 374.40143pt x 249.60083pt.

<2Coherence.pdf, id=112, 867.24pt x 536.25945pt>
File: 2Coherence.pdf Graphic file (type pdf)
 <use 2Coherence.pdf>
Package pdftex.def Info: 2Coherence.pdf used on input line 255.
(pdftex.def)             Requested size: 351.0pt x 217.04477pt.


LaTeX Warning: `h' float specifier changed to `ht'.

[6 <C:/D/Li Jun/Papers/State Preparation and Preserving on Liquid Nuclear Spin 
System by Periodic Control of the Relaxation Dynamics/PRL Version 7/Supplementa
ry/CCoherence.pdf> <C:/D/Li Jun/Papers/State Preparation and Preserving on Liqu
id Nuclear Spin System by Periodic Control of the Relaxation Dynamics/PRL Versi
on 7/Supplementary/HCoherence.pdf>]
<Robustness.pdf, id=165, 439.6425pt x 321.2pt>
File: Robustness.pdf Graphic file (type pdf)
 <use Robustness.pdf>
Package pdftex.def Info: Robustness.pdf used on input line 272.
(pdftex.def)             Requested size: 224.64313pt x 164.1186pt.
LaTeX Font Info:    Font shape `U/lasy/b/n' in size <7> not available
(Font)              Font shape `U/lasy/m/n' tried instead on input line 273.
LaTeX Font Info:    Font shape `U/lasy/b/n' in size <5> not available
(Font)              Font shape `U/lasy/m/n' tried instead on input line 273.

("C:\D\Li Jun\Papers\State Preparation and Preserving on Liquid Nuclear Spin Sy
stem by Periodic Control of the Relaxation Dynamics\PRL Version 7\Supplementary
\Supplementary Material.brf")
\tf@brf=\write5
 [7 <C:/D/Li Jun/Papers/State Preparation and Preserving on Liquid Nuclear Spin
 System by Periodic Control of the Relaxation Dynamics/PRL Version 7/Supplement
ary/2Coherence.pdf> <C:/D/Li Jun/Papers/State Preparation and Preserving on Liq
uid Nuclear Spin System by Periodic Control of the Relaxation Dynamics/PRL Vers
ion 7/Supplementary/Robustness.pdf>]
Package atveryend Info: Empty hook `BeforeClearDocument' on input line 287.
 [8]
Package atveryend Info: Empty hook `AfterLastShipout' on input line 287.

("C:\D\Li Jun\Papers\State Preparation and Preserving on Liquid Nuclear Spin Sy
stem by Periodic Control of the Relaxation Dynamics\PRL Version 7\Supplementary
\Supplementary Material.aux")
Package atveryend Info: Executing hook `AtVeryEndDocument' on input line 287.
Package atveryend Info: Executing hook `AtEndAfterFileList' on input line 287.
Package rerunfilecheck Info: File `Supplementary*Material.out' has not changed.

(rerunfilecheck)             Checksum: <no file>.
Package rerunfilecheck Info: File `Supplementary*Material.brf' has not changed.

(rerunfilecheck)             Checksum: <no file>.
 ) 
Here is how much of TeX's memory you used:
 10358 strings out of 495354
 139347 string characters out of 3183747
 305074 words of memory out of 3000000
 13308 multiletter control sequences out of 15000+200000
 19366 words of font info for 81 fonts, out of 3000000 for 9000
 14 hyphenation exceptions out of 8191
 32i,16n,28p,3254b,463s stack positions out of 5000i,500n,10000p,200000b,50000s
<C:/C/CTEX/MiKTeX/fonts/type1/public/amsfonts/cm/cmbx10.pfb><C:/C/CTEX/MiKTeX
/fonts/type1/public/amsfonts/cm/cmbx12.pfb><C:/C/CTEX/MiKTeX/fonts/type1/public
/amsfonts/cm/cmbx8.pfb><C:/C/CTEX/MiKTeX/fonts/type1/public/amsfonts/cm/cmex10.
pfb><C:/C/CTEX/MiKTeX/fonts/type1/public/amsfonts/cm/cmmi10.pfb><C:/C/CTEX/MiKT
eX/fonts/type1/public/amsfonts/cm/cmmi6.pfb><C:/C/CTEX/MiKTeX/fonts/type1/publi
c/amsfonts/cm/cmmi8.pfb><C:/C/CTEX/MiKTeX/fonts/type1/public/amsfonts/cm/cmmib1
0.pfb><C:/C/CTEX/MiKTeX/fonts/type1/public/amsfonts/cm/cmr10.pfb><C:/C/CTEX/MiK
TeX/fonts/type1/public/amsfonts/cm/cmr6.pfb><C:/C/CTEX/MiKTeX/fonts/type1/publi
c/amsfonts/cm/cmr7.pfb><C:/C/CTEX/MiKTeX/fonts/type1/public/amsfonts/cm/cmr8.pf
b><C:/C/CTEX/MiKTeX/fonts/type1/public/amsfonts/cm/cmsy10.pfb><C:/C/CTEX/MiKTeX
/fonts/type1/public/amsfonts/cm/cmsy8.pfb><C:/C/CTEX/MiKTeX/fonts/type1/public/
amsfonts/cm/cmti10.pfb>
Output written on "Supplementary Material.pdf" (8 pages, 10150762 bytes).
PDF statistics:
 433 PDF objects out of 1000 (max. 8388607)
 30 named destinations out of 1000 (max. 500000)
 66 words of extra memory for PDF output out of 10000 (max. 10000000)

