This is pdfTeX, Version 3.1415926-1.40.11 (MiKTeX 2.9) (preloaded format=pdflatex 2015.5.5)  10 SEP 2015 15:09
entering extended mode
**H:/Latex/Experiment*Notes/12*qubit/twqubit.tex
("H:/Latex/Experiment Notes/12 qubit/twqubit.tex"
LaTeX2e <2009/09/24>
Babel <v3.8l> and hyphenation patterns for loaded.
(F:\CTEX\MiKTeX\tex\latex\revtex\revtex4-1.cls
Document Class: revtex4-1 2010/07/25/20:33:00 4.1r (http://publish.aps.org/revt
ex4/ for documentation)
 Copyright (c) 2009 The American Physical Society.
 mailto:revtex@aps.org
 Licensed under the LPPL:
http://www.ctan.org/tex-archive/macros/latex/base/lppl.txt
 Arthur Ogawa <arthur_ogawa at sbcglobal dot net>
 Based on work by David Carlisle <david at dcarlisle.demon.co.uk>.
ltxutil[2010/07/25/20:33:00 4.1r utilities package (portions licensed from W. E
. Baxter web at superscript.com)]
LaTeX Info: Redefining \@centercr on input line 308.
Class revtex4-1 Info: Repairing broken LaTeX eqnarray on input line 358.
\eqncolsep=\skip41
Class revtex4-1 Info: Repairing hyperref-unfriendly LaTeX definition of \mpfoot
note on input line 433.
Class revtex4-1 Info: Repairing broken LateX \@sect on input line 755.
\intertabularlinepenalty=\count79
\@tbpen=\count80
\@arstrutbox@hline=\box26
Class revtex4-1 Info: Repairing broken LaTeX \@xbitor on input line 1786.
Class revtex4-1 Info: Making \typeout \long on input line 2046.
ltxfront[2010/07/25/20:33:00 4.1r frontmatter package (AO,DPC)]
\c@affil=\count81
\c@collab=\count82
\absbox=\box27
ltxgrid[2010/07/25/20:33:00 4.1r page grid package (portions licensed from W. E
. Baxter web at superscript.com)]
\c@linecount=\count83
\output@latex=\toks14
\box@size@1=\box28
\box@size@2=\box29
\@protection@box=\box30
\@topmark@saved=\toks15
\footins@saved=\box31
\footins@recovered=\box32
\column@recovered=\box33
\pagesofar=\box34
\footsofar=\box35
\pagegrid@col=\count84
Class revtex4-1 Info: Overriding \@vspace, \@vspacer, \@no@pgbk, \@newline, and
 \\  on input line 5578.
\c@part=\count85
\c@section=\count86
\c@subsection=\count87
\c@subsubsection=\count88
\c@paragraph=\count89
\c@subparagraph=\count90
\abovecaptionskip=\skip42
\belowcaptionskip=\skip43
\c@figure=\count91
\fbox@1=\box36
\c@table=\count92
\fbox@2=\box37
\c@video=\count93
\fbox@4=\box38
\@bibdataout=\write3
\widetext@top=\box39
\widetext@bot=\box40

Class revtex4-1 Warning: No Society specified, using default society aps.

(F:\CTEX\MiKTeX\tex\latex\revtex\aps4-1.rtx
File: aps4-1 2010/07/25/20:33:00 4.1r (http://publish.aps.org/revtex4/ for docu
mentation)
Class revtex4-1 Info: RevTeX society APS selected on input line 31.
)
Class revtex4-1 Info: Selecting journal prl on input line 7544.
Class revtex4-1 Info: APS journal PRL selected on input line 7545.


Class revtex4-1 Warning: No type size specified, using default 10.

(F:\CTEX\MiKTeX\tex\latex\revtex\aps10pt4-1.rtx
File: aps10pt4-1 2010/07/25/20:33:00 4.1r (http://publish.aps.org/revtex4/ for 
documentation)
Class revtex4-1 Info: RevTeX pointsize 10pt selected on input line 30.
)
(F:\CTEX\MiKTeX\tex\latex\textcase\textcase.sty
Package: textcase 2004/10/07 v0.07 Text only upper/lower case changing (DPC)
)
(F:\CTEX\MiKTeX\tex\latex\ltxmisc\url.sty
\Urlmuskip=\muskip10
Package: url 2006/04/12  ver 3.3  Verb mode for urls, etc.
)
(F:\CTEX\MiKTeX\tex\latex\natbib\natbib.sty
Package: natbib 2009/11/07 8.31a (PWD, AO)
\bibhang=\skip44
\bibsep=\skip45
LaTeX Info: Redefining \cite on input line 694.
\c@NAT@ctr=\count94
)
Class revtex4-1 Info: Repairing natbib's \BibitemShut on input line 7549.

(F:\CTEX\MiKTeX\tex\latex\revtex\revsymb4-1.sty
Package: revsymb4-1 2010/07/25/20:33:00 4.1r (http://publish.aps.org/revtex4/ f
or documentation)
LaTeX Info: Redefining \REV@mathfrak on input line 119.
))
(F:\CTEX\MiKTeX\tex\latex\graphics\graphicx.sty
Package: graphicx 1999/02/16 v1.0f Enhanced LaTeX Graphics (DPC,SPQR)

(F:\CTEX\MiKTeX\tex\latex\graphics\keyval.sty
Package: keyval 1999/03/16 v1.13 key=value parser (DPC)
\KV@toks@=\toks16
)
(F:\CTEX\MiKTeX\tex\latex\graphics\graphics.sty
Package: graphics 2009/02/05 v1.0o Standard LaTeX Graphics (DPC,SPQR)

(F:\CTEX\MiKTeX\tex\latex\graphics\trig.sty
Package: trig 1999/03/16 v1.09 sin cos tan (DPC)
)
(F:\CTEX\MiKTeX\tex\latex\00miktex\graphics.cfg
File: graphics.cfg 2007/01/18 v1.5 graphics configuration of teTeX/TeXLive
)
Package graphics Info: Driver file: pdftex.def on input line 91.

(F:\CTEX\MiKTeX\tex\latex\pdftex-def\pdftex.def
File: pdftex.def 2010/09/14 v0.05b Graphics/color for pdfTeX
\Gread@gobject=\count95
))
\Gin@req@height=\dimen102
\Gin@req@width=\dimen103
)
(F:\CTEX\MiKTeX\tex\latex\graphics\epsfig.sty
Package: epsfig 1999/02/16 v1.7a (e)psfig emulation (SPQR)
\epsfxsize=\dimen104
\epsfysize=\dimen105
)
(F:\CTEX\MiKTeX\tex\latex\epsf\epsf.sty
This is `epsf.tex' v2.7.3 <23 July 2005>
\epsffilein=\read1
\epsfframemargin=\dimen106
\epsfframethickness=\dimen107
\epsfrsize=\dimen108
\epsftmp=\dimen109
\epsftsize=\dimen110
\epsfxsize=\dimen111
\epsfysize=\dimen112
\pspoints=\dimen113
) (F:\CTEX\MiKTeX\tex\latex\amsfonts\amssymb.sty
Package: amssymb 2009/06/22 v3.00

(F:\CTEX\MiKTeX\tex\latex\amsfonts\amsfonts.sty
Package: amsfonts 2009/06/22 v3.00 Basic AMSFonts support
\@emptytoks=\toks17
\symAMSa=\mathgroup4
\symAMSb=\mathgroup5
LaTeX Font Info:    Overwriting math alphabet `\mathfrak' in version `bold'
(Font)                  U/euf/m/n --> U/euf/b/n on input line 96.
LaTeX Info: Redefining \frak on input line 99.
LaTeX Info: Redefining \Bbb on input line 101.
))
(F:\CTEX\MiKTeX\tex\latex\ams\math\amsmath.sty
Package: amsmath 2000/07/18 v2.13 AMS math features
\@mathmargin=\skip46

For additional information on amsmath, use the `?' option.
(F:\CTEX\MiKTeX\tex\latex\ams\math\amstext.sty
Package: amstext 2000/06/29 v2.01

(F:\CTEX\MiKTeX\tex\latex\ams\math\amsgen.sty
File: amsgen.sty 1999/11/30 v2.0
\@emptytoks=\toks18
\ex@=\dimen114
)
LaTeX Info: Redefining \text on input line 53.
)
(F:\CTEX\MiKTeX\tex\latex\ams\math\amsbsy.sty
Package: amsbsy 1999/11/29 v1.2d
\pmbraise@=\dimen115
)
(F:\CTEX\MiKTeX\tex\latex\ams\math\amsopn.sty
Package: amsopn 1999/12/14 v2.01 operator names
)
\inf@bad=\count96
LaTeX Info: Redefining \frac on input line 211.
\uproot@=\count97
\leftroot@=\count98
LaTeX Info: Redefining \overline on input line 307.
\classnum@=\count99
\DOTSCASE@=\count100
LaTeX Info: Redefining \ldots on input line 379.
LaTeX Info: Redefining \dots on input line 382.
LaTeX Info: Redefining \cdots on input line 467.
\Mathstrutbox@=\box41
\strutbox@=\box42
\big@size=\dimen116
LaTeX Font Info:    Redeclaring font encoding OML on input line 567.
LaTeX Font Info:    Redeclaring font encoding OMS on input line 568.
\macc@depth=\count101
\c@MaxMatrixCols=\count102
\dotsspace@=\muskip11
\c@parentequation=\count103
\dspbrk@lvl=\count104
\tag@help=\toks19
\row@=\count105
\column@=\count106
\maxfields@=\count107
\andhelp@=\toks20
\eqnshift@=\dimen117
\alignsep@=\dimen118
\tagshift@=\dimen119
\tagwidth@=\dimen120
\totwidth@=\dimen121
\lineht@=\dimen122
\@envbody=\toks21
\multlinegap=\skip47
\multlinetaggap=\skip48
\mathdisplay@stack=\toks22
LaTeX Info: Redefining \[ on input line 2666.
LaTeX Info: Redefining \] on input line 2667.
)
(F:\CTEX\MiKTeX\tex\latex\ams\classes\amsthm.sty
Package: amsthm 2004/08/06 v2.20
\thm@style=\toks23
\thm@bodyfont=\toks24
\thm@headfont=\toks25
\thm@notefont=\toks26
\thm@headpunct=\toks27
\thm@preskip=\skip49
\thm@postskip=\skip50
\thm@headsep=\skip51
\dth@everypar=\toks28
)
(F:\CTEX\MiKTeX\tex\latex\multirow\multirow.sty
\bigstrutjot=\dimen123
)
(F:\CTEX\MiKTeX\tex\latex\hyperref\hyperref.sty
Package: hyperref 2010/09/17 v6.81q Hypertext links for LaTeX

(F:\CTEX\MiKTeX\tex\generic\oberdiek\ltxcmds.sty
Package: ltxcmds 2010/04/26 v1.7 LaTeX kernel commands for general use (HO)
)
(F:\CTEX\MiKTeX\tex\generic\oberdiek\infwarerr.sty
Package: infwarerr 2010/04/08 v1.3 Providing info/warning/message (HO)
)
(F:\CTEX\MiKTeX\tex\generic\oberdiek\kvsetkeys.sty
Package: kvsetkeys 2010/03/01 v1.9 Key value parser (HO)

(F:\CTEX\MiKTeX\tex\generic\oberdiek\etexcmds.sty
Package: etexcmds 2010/01/28 v1.3 Prefix for e-TeX command names (HO)
Package etexcmds Info: Could not find \expanded.
(etexcmds)             That can mean that you are not using pdfTeX 1.50 or
(etexcmds)             that some package has redefined \expanded.
(etexcmds)             In the latter case, load this package earlier.
))
(F:\CTEX\MiKTeX\tex\generic\oberdiek\pdfescape.sty
Package: pdfescape 2010/03/01 v1.9 Provides hex, PDF name and string conversion
s (HO)

(F:\CTEX\MiKTeX\tex\generic\oberdiek\pdftexcmds.sty
Package: pdftexcmds 2010/04/01 v0.9 Utility functions of pdfTeX for LuaTeX (HO)


(F:\CTEX\MiKTeX\tex\generic\oberdiek\ifluatex.sty
Package: ifluatex 2010/03/01 v1.3 Provides the ifluatex switch (HO)
Package ifluatex Info: LuaTeX not detected.
)
Package pdftexcmds Info: LuaTeX not detected.
Package pdftexcmds Info: \pdf@primitive is available.
Package pdftexcmds Info: \pdf@ifprimitive is available.
))
(F:\CTEX\MiKTeX\tex\generic\oberdiek\ifpdf.sty
Package: ifpdf 2010/01/28 v2.1 Provides the ifpdf switch (HO)
Package ifpdf Info: pdfTeX in pdf mode detected.
)
(F:\CTEX\MiKTeX\tex\generic\oberdiek\ifvtex.sty
Package: ifvtex 2010/03/01 v1.5 Switches for detecting VTeX and its modes (HO)
Package ifvtex Info: VTeX not detected.
)
(F:\CTEX\MiKTeX\tex\generic\ifxetex\ifxetex.sty
Package: ifxetex 2010/09/12 v0.6 Provides ifxetex conditional
)
(F:\CTEX\MiKTeX\tex\latex\oberdiek\hycolor.sty
Package: hycolor 2009/12/12 v1.6 Color options of hyperref/bookmark (HO)

(F:\CTEX\MiKTeX\tex\latex\oberdiek\xcolor-patch.sty
Package: xcolor-patch 2009/12/12 xcolor patch
))
(F:\CTEX\MiKTeX\tex\latex\oberdiek\letltxmacro.sty
Package: letltxmacro 2008/06/24 v1.3 Let assignment for LaTeX macros (HO)
)
(F:\CTEX\MiKTeX\tex\latex\oberdiek\kvoptions.sty
Package: kvoptions 2010/02/22 v3.7 Keyval support for LaTeX options (HO)
)
\@linkdim=\dimen124
\Hy@linkcounter=\count108
\Hy@pagecounter=\count109

(F:\CTEX\MiKTeX\tex\latex\hyperref\pd1enc.def
File: pd1enc.def 2010/09/17 v6.81q Hyperref: PDFDocEncoding definition (HO)
)
(F:\CTEX\MiKTeX\tex\generic\oberdiek\intcalc.sty
Package: intcalc 2007/09/27 v1.1 Expandable integer calculations (HO)
)
\Hy@SavedSpaceFactor=\count110

(F:\CTEX\MiKTeX\tex\latex\00miktex\hyperref.cfg
File: hyperref.cfg 2002/06/06 v1.2 hyperref configuration of TeXLive
)
Package hyperref Info: Option `colorlinks' set `true' on input line 3798.
Package hyperref Info: Hyper figures OFF on input line 3902.
Package hyperref Info: Link nesting OFF on input line 3907.
Package hyperref Info: Hyper index ON on input line 3910.
Package hyperref Info: Plain pages OFF on input line 3917.
Package hyperref Info: Backreferencing OFF on input line 3922.
Package hyperref Info: Implicit mode ON; LaTeX internals redefined.
Package hyperref Info: Bookmarks ON on input line 4132.
LaTeX Info: Redefining \href on input line 4398.
\c@Hy@tempcnt=\count111
LaTeX Info: Redefining \url on input line 4487.

(F:\CTEX\MiKTeX\tex\generic\oberdiek\bitset.sty
Package: bitset 2007/09/28 v1.0 Data type bit set (HO)

(F:\CTEX\MiKTeX\tex\generic\oberdiek\bigintcalc.sty
Package: bigintcalc 2007/11/11 v1.1 Expandable big integer calculations (HO)
))
\Fld@menulength=\count112
\Field@Width=\dimen125
\Fld@charsize=\dimen126
Package hyperref Info: Hyper figures OFF on input line 5526.
Package hyperref Info: Link nesting OFF on input line 5531.
Package hyperref Info: Hyper index ON on input line 5534.
Package hyperref Info: backreferencing OFF on input line 5541.
Package hyperref Info: Link coloring ON on input line 5544.
Package hyperref Info: Link coloring with OCG OFF on input line 5551.
Package hyperref Info: PDF/A mode OFF on input line 5556.
LaTeX Info: Redefining \ref on input line 5596.
LaTeX Info: Redefining \pageref on input line 5600.

(F:\CTEX\MiKTeX\tex\generic\oberdiek\atbegshi.sty
Package: atbegshi 2010/03/25 v1.12 At begin shipout hook (HO)
)
\Hy@abspage=\count113
\c@Item=\count114
\c@Hfootnote=\count115
)

Package hyperref Message: Driver (autodetected): hpdftex.

(F:\CTEX\MiKTeX\tex\latex\hyperref\hpdftex.def
File: hpdftex.def 2010/09/17 v6.81q Hyperref driver for pdfTeX

(F:\CTEX\MiKTeX\tex\latex\oberdiek\atveryend.sty
Package: atveryend 2010/03/24 v1.5 Hooks at very end of document (HO)
)
\Fld@listcount=\count116
\c@bookmark@seq@number=\count117

(F:\CTEX\MiKTeX\tex\latex\oberdiek\rerunfilecheck.sty
Package: rerunfilecheck 2010/03/16 v1.6 Rerun checks for auxiliary files (HO)

(F:\CTEX\MiKTeX\tex\generic\oberdiek\uniquecounter.sty
Package: uniquecounter 2009/12/18 v1.1 Provides unlimited unique counter (HO)
)
Package uniquecounter Info: New unique counter `rerunfilecheck' on input line 2
71.
)
\Hy@SectionHShift=\skip52
)
(F:\CTEX\MiKTeX\tex\latex\caption\caption.sty
Package: caption 2010/01/09 v3.1m Customizing captions (AR)

(F:\CTEX\MiKTeX\tex\latex\caption\caption3.sty
Package: caption3 2010/01/14 v3.1m caption3 kernel (AR)
\captionmargin=\dimen127
\captionmargin@=\dimen128
\captionwidth=\dimen129
\caption@indent=\dimen130
\caption@parindent=\dimen131
\caption@hangindent=\dimen132
Package caption Info: Unknown document class (or package),
(caption)             standard defaults will be used on input line 1084.
)

Package caption Warning: Unsupported document class (or package) detected,
(caption)                usage of the caption package is not recommended.
See the caption package documentation for explanation.

Package caption Info: \@makecaption = \long macro:#1#2->\par \vskip \abovecapti
onskip \begingroup \small \rmfamily \sbox \@tempboxa {\let \\\heading@cr \@make
@capt@title {#1}{#2}}\@ifdim {\wd \@tempboxa >\hsize }{\begingroup \samepage \f
lushing \let \footnote \@footnotemark@gobble \@make@capt@title {#1}{#2}\par \en
dgroup }{\global \@minipagefalse \hb@xt@ \hsize {\hfil \unhbox \@tempboxa \hfil
 }}\endgroup \vskip \belowcaptionskip .
\c@ContinuedFloat=\count118
Package caption Info: hyperref package is loaded.
) (F:\CTEX\MiKTeX\tex\latex\subfigure\subfigure.sty
Package: subfigure 2002/07/30 v2.1.4 subfigure package
\subfigtopskip=\skip53
\subfigcapskip=\skip54
\subfigcaptopadj=\dimen133
\subfigbottomskip=\skip55
\subfigcapmargin=\dimen134
\subfiglabelskip=\skip56
\c@subfigure=\count119
\c@lofdepth=\count120
\c@subtable=\count121
\c@lotdepth=\count122

****************************************
* Local config file subfigure.cfg used *
****************************************
(F:\CTEX\MiKTeX\tex\latex\subfigure\subfigure.cfg)
\subfig@top=\skip57
\subfig@bottom=\skip58
)
(F:\CTEX\MiKTeX\tex\latex\graphics\color.sty
Package: color 2005/11/14 v1.0j Standard LaTeX Color (DPC)

(F:\CTEX\MiKTeX\tex\latex\00miktex\color.cfg
File: color.cfg 2007/01/18 v1.5 color configuration of teTeX/TeXLive
)
Package color Info: Driver file: pdftex.def on input line 130.
)
("H:\Latex\Experiment Notes\12 qubit\tabu.sty"
Package: tabu 2011/02/26 v2.8 - flexible LaTeX tabulars (FC)

(F:\CTEX\MiKTeX\tex\latex\tools\array.sty
Package: array 2008/09/09 v2.4c Tabular extension package (FMi)
\col@sep=\dimen135
\extrarowheight=\dimen136
\NC@list=\toks29
\extratabsurround=\skip59
\backup@length=\skip60
)
(F:\CTEX\MiKTeX\tex\latex\ltxmisc\varwidth.sty
Package: varwidth 2009/03/30 ver 0.92;  Variable-width minipages
\@vwid@box=\box43
\sift@deathcycles=\count123
\@vwid@loff=\dimen137
\@vwid@roff=\dimen138
)
\c@taburow=\count124
\tabu@nbcols=\count125
\tabu@cnt=\count126
\tabu@Xcol=\count127
\tabu@alloc=\count128
\tabu@nested=\count129
\tabu@target=\dimen139
\tabu@spreadtarget=\dimen140
\tabu@naturalX=\dimen141
\tabucolX=\dimen142
\tabu@Xsum=\dimen143
\extrarowdepth=\dimen144
\abovetabulinesep=\dimen145
\belowtabulinesep=\dimen146
\tabustrutrule=\dimen147
\tabu@thebody=\toks30
\tabu@footnotes=\toks31
\tabu@box=\box44
\tabu@arstrutbox=\box45
\tabu@hleads=\box46
\tabu@vleads=\box47
\tabu@cellskip=\skip61
)
("H:\Latex\Experiment Notes\12 qubit\matlab-prettifier.sty"

LaTeX Warning: You have requested release `2011/06/27' of LaTeX,
               but only release `2009/09/24' is available.

Package: matlab-prettifier 2014/06/19 v0.3 A package for prettyprinting Matlab 
source code
(F:\CTEX\MiKTeX\tex\latex\base\textcomp.sty
Package: textcomp 2005/09/27 v1.99g Standard LaTeX package
Package textcomp Info: Sub-encoding information:
(textcomp)               5 = only ISO-Adobe without \textcurrency
(textcomp)               4 = 5 + \texteuro
(textcomp)               3 = 4 + \textohm
(textcomp)               2 = 3 + \textestimated + \textcurrency
(textcomp)               1 = TS1 - \textcircled - \t
(textcomp)               0 = TS1 (full)
(textcomp)             Font families with sub-encoding setting implement
(textcomp)             only a restricted character set as indicated.
(textcomp)             Family '?' is the default used for unknown fonts.
(textcomp)             See the documentation for details.
Package textcomp Info: Setting ? sub-encoding to TS1/1 on input line 71.

(F:\CTEX\MiKTeX\tex\latex\base\ts1enc.def
File: ts1enc.def 2001/06/05 v3.0e (jk/car/fm) Standard LaTeX file
)
LaTeX Info: Redefining \oldstylenums on input line 266.
Package textcomp Info: Setting cmr sub-encoding to TS1/0 on input line 281.
Package textcomp Info: Setting cmss sub-encoding to TS1/0 on input line 282.
Package textcomp Info: Setting cmtt sub-encoding to TS1/0 on input line 283.
Package textcomp Info: Setting cmvtt sub-encoding to TS1/0 on input line 284.
Package textcomp Info: Setting cmbr sub-encoding to TS1/0 on input line 285.
Package textcomp Info: Setting cmtl sub-encoding to TS1/0 on input line 286.
Package textcomp Info: Setting ccr sub-encoding to TS1/0 on input line 287.
Package textcomp Info: Setting ptm sub-encoding to TS1/4 on input line 288.
Package textcomp Info: Setting pcr sub-encoding to TS1/4 on input line 289.
Package textcomp Info: Setting phv sub-encoding to TS1/4 on input line 290.
Package textcomp Info: Setting ppl sub-encoding to TS1/3 on input line 291.
Package textcomp Info: Setting pag sub-encoding to TS1/4 on input line 292.
Package textcomp Info: Setting pbk sub-encoding to TS1/4 on input line 293.
Package textcomp Info: Setting pnc sub-encoding to TS1/4 on input line 294.
Package textcomp Info: Setting pzc sub-encoding to TS1/4 on input line 295.
Package textcomp Info: Setting bch sub-encoding to TS1/4 on input line 296.
Package textcomp Info: Setting put sub-encoding to TS1/5 on input line 297.
Package textcomp Info: Setting uag sub-encoding to TS1/5 on input line 298.
Package textcomp Info: Setting ugq sub-encoding to TS1/5 on input line 299.
Package textcomp Info: Setting ul8 sub-encoding to TS1/4 on input line 300.
Package textcomp Info: Setting ul9 sub-encoding to TS1/4 on input line 301.
Package textcomp Info: Setting augie sub-encoding to TS1/5 on input line 302.
Package textcomp Info: Setting dayrom sub-encoding to TS1/3 on input line 303.
Package textcomp Info: Setting dayroms sub-encoding to TS1/3 on input line 304.

Package textcomp Info: Setting pxr sub-encoding to TS1/0 on input line 305.
Package textcomp Info: Setting pxss sub-encoding to TS1/0 on input line 306.
Package textcomp Info: Setting pxtt sub-encoding to TS1/0 on input line 307.
Package textcomp Info: Setting txr sub-encoding to TS1/0 on input line 308.
Package textcomp Info: Setting txss sub-encoding to TS1/0 on input line 309.
Package textcomp Info: Setting txtt sub-encoding to TS1/0 on input line 310.
Package textcomp Info: Setting futs sub-encoding to TS1/4 on input line 311.
Package textcomp Info: Setting futx sub-encoding to TS1/4 on input line 312.
Package textcomp Info: Setting futj sub-encoding to TS1/4 on input line 313.
Package textcomp Info: Setting hlh sub-encoding to TS1/3 on input line 314.
Package textcomp Info: Setting hls sub-encoding to TS1/3 on input line 315.
Package textcomp Info: Setting hlst sub-encoding to TS1/3 on input line 316.
Package textcomp Info: Setting hlct sub-encoding to TS1/5 on input line 317.
Package textcomp Info: Setting hlx sub-encoding to TS1/5 on input line 318.
Package textcomp Info: Setting hlce sub-encoding to TS1/5 on input line 319.
Package textcomp Info: Setting hlcn sub-encoding to TS1/5 on input line 320.
Package textcomp Info: Setting hlcw sub-encoding to TS1/5 on input line 321.
Package textcomp Info: Setting hlcf sub-encoding to TS1/5 on input line 322.
Package textcomp Info: Setting pplx sub-encoding to TS1/3 on input line 323.
Package textcomp Info: Setting pplj sub-encoding to TS1/3 on input line 324.
Package textcomp Info: Setting ptmx sub-encoding to TS1/4 on input line 325.
Package textcomp Info: Setting ptmj sub-encoding to TS1/4 on input line 326.
)
(F:\CTEX\MiKTeX\tex\latex\xcolor\xcolor.sty
Package: xcolor 2007/01/21 v2.11 LaTeX color extensions (UK)

(F:\CTEX\MiKTeX\tex\latex\00miktex\color.cfg
File: color.cfg 2007/01/18 v1.5 color configuration of teTeX/TeXLive
)
Package xcolor Info: Driver file: pdftex.def on input line 225.
LaTeX Info: Redefining \color on input line 702.
Package xcolor Info: Model `cmy' substituted by `cmy0' on input line 1337.
Package xcolor Info: Model `hsb' substituted by `rgb' on input line 1341.
Package xcolor Info: Model `RGB' extended on input line 1353.
Package xcolor Info: Model `HTML' substituted by `rgb' on input line 1355.
Package xcolor Info: Model `Hsb' substituted by `hsb' on input line 1356.
Package xcolor Info: Model `tHsb' substituted by `hsb' on input line 1357.
Package xcolor Info: Model `HSB' substituted by `hsb' on input line 1358.
Package xcolor Info: Model `Gray' substituted by `gray' on input line 1359.
Package xcolor Info: Model `wave' substituted by `hsb' on input line 1360.
)
(F:\CTEX\MiKTeX\tex\latex\listings\listings.sty
\lst@mode=\count130
\lst@gtempboxa=\box48
\lst@token=\toks32
\lst@length=\count131
\lst@currlwidth=\dimen148
\lst@column=\count132
\lst@pos=\count133
\lst@lostspace=\dimen149
\lst@width=\dimen150
\lst@newlines=\count134
\lst@lineno=\count135
\lst@maxwidth=\dimen151

(F:\CTEX\MiKTeX\tex\latex\listings\lstmisc.sty
File: lstmisc.sty 2007/02/22 1.4 (Carsten Heinz)
\c@lstnumber=\count136
\lst@skipnumbers=\count137
\lst@framebox=\box49
)
(F:\CTEX\MiKTeX\tex\latex\listings\listings.cfg
File: listings.cfg 2007/02/22 1.4 listings configuration
))
Package: listings 2007/02/22 1.4 (Carsten Heinz)


LaTeX Warning: You have requested, on input line 63, version
               `2013/08/26' of package listings,
               but only version
               `2007/02/22 1.4 (Carsten Heinz)'
               is available.

\netBracketCount@mlpr=\count138
\blkLvl@mlpr=\count139
\blkLvlAtClassdef@mlpr=\count140
\emHeight@mlpr=\skip62
\jayDepth@mlpr=\skip63
\sectionRuleOffset@mlpr=\skip64
\toks@mlpr=\toks33
)
Class revtex4-1 Info: Patching array package. on input line 69.
Class revtex4-1 Info: Robustifying \LaTeX's \boldmath command on input line 69.

Class revtex4-1 Info: cite was not loaded (OK!) on input line 69.
Class revtex4-1 Info: mcite was not loaded (OK!) on input line 69.
Class revtex4-1 Info: multicol was not loaded (OK!) on input line 69.
 ("H:\Latex\Experiment Notes\12 qubit\twqubit.aux"
("H:\Latex\Experiment Notes\12 qubit\main.aux"

LaTeX Warning: Label `fig:side:a' multiply defined.


LaTeX Warning: Label `fig:side:b' multiply defined.

) ("H:\Latex\Experiment Notes\12 qubit\Appendix.aux")
("H:\Latex\Experiment Notes\12 qubit\Appendix2.aux")
("H:\Latex\Experiment Notes\12 qubit\Appendix3.aux"))
LaTeX Font Info:    Checking defaults for OML/cmm/m/it on input line 69.
LaTeX Font Info:    ... okay on input line 69.
LaTeX Font Info:    Checking defaults for T1/cmr/m/n on input line 69.
LaTeX Font Info:    ... okay on input line 69.
LaTeX Font Info:    Checking defaults for OT1/cmr/m/n on input line 69.
LaTeX Font Info:    ... okay on input line 69.
LaTeX Font Info:    Checking defaults for OMS/cmsy/m/n on input line 69.
LaTeX Font Info:    ... okay on input line 69.
LaTeX Font Info:    Checking defaults for OMX/cmex/m/n on input line 69.
LaTeX Font Info:    ... okay on input line 69.
LaTeX Font Info:    Checking defaults for U/cmr/m/n on input line 69.
LaTeX Font Info:    ... okay on input line 69.
LaTeX Font Info:    Checking defaults for PD1/pdf/m/n on input line 69.
LaTeX Font Info:    ... okay on input line 69.
LaTeX Font Info:    Checking defaults for TS1/cmr/m/n on input line 69.
LaTeX Font Info:    Try loading font information for TS1+cmr on input line 69.

(F:\CTEX\MiKTeX\tex\latex\base\ts1cmr.fd
File: ts1cmr.fd 1999/05/25 v2.5h Standard LaTeX font definitions
)
LaTeX Font Info:    ... okay on input line 69.

(F:\CTEX\MiKTeX\tex\context\base\supp-pdf.mkii
[Loading MPS to PDF converter (version 2006.09.02).]
\scratchcounter=\count141
\scratchdimen=\dimen152
\scratchbox=\box50
\nofMPsegments=\count142
\nofMParguments=\count143
\everyMPshowfont=\toks34
\MPscratchCnt=\count144
\MPscratchDim=\dimen153
\MPnumerator=\count145
\everyMPtoPDFconversion=\toks35
)
\AtBeginShipoutBox=\box51
Package hyperref Info: Link coloring ON on input line 69.
 (F:\CTEX\MiKTeX\tex\latex\hyperref\nameref.sty
Package: nameref 2010/04/30 v2.40 Cross-referencing by name of section

(F:\CTEX\MiKTeX\tex\latex\oberdiek\refcount.sty
Package: refcount 2008/08/11 v3.1 Data extraction from references (HO)
)
(F:\CTEX\MiKTeX\tex\generic\oberdiek\gettitlestring.sty
Package: gettitlestring 2009/12/18 v1.3 Cleanup title references (HO)
)
\c@section@level=\count146
)
LaTeX Info: Redefining \ref on input line 69.
LaTeX Info: Redefining \pageref on input line 69.
LaTeX Info: Redefining \nameref on input line 69.

("H:\Latex\Experiment Notes\12 qubit\twqubit.out")
("H:\Latex\Experiment Notes\12 qubit\twqubit.out")
\@outlinefile=\write4
Package caption Info: Begin \AtBeginDocument code.
Package caption Info: listings package is loaded.
Package caption Info: subfigure package is loaded.
Package caption Info: End \AtBeginDocument code.
\c@lstlisting=\count147
Class revtex4-1 Info: Taking \maketitle back from hyperref on input line 69.


Class revtex4-1 Warning: Assuming \noaffiliation for authors.


LaTeX Font Warning: Font shape `OT1/cmss/m/it' in size <9> not available
(Font)              Font shape `OT1/cmss/m/sl' tried instead on input line 80.

[1{F:/CTEX/UserData/pdftex/config/pdftex.map{Unicode.sfd}{UGBK.sfd}}]
("H:\Latex\Experiment Notes\12 qubit\main.tex"
LaTeX Font Info:    Try loading font information for TS1+cmtt on input line 29.


(F:\CTEX\MiKTeX\tex\latex\base\ts1cmtt.fd
File: ts1cmtt.fd 1999/05/25 v2.5h Standard LaTeX font definitions
)
LaTeX Font Info:    Try loading font information for U+msa on input line 40.

(F:\CTEX\MiKTeX\tex\latex\amsfonts\umsa.fd
File: umsa.fd 2009/06/22 v3.00 AMS symbols A
)
LaTeX Font Info:    Try loading font information for U+msb on input line 40.

(F:\CTEX\MiKTeX\tex\latex\amsfonts\umsb.fd
File: umsb.fd 2009/06/22 v3.00 AMS symbols B
) [2]

Package caption Warning: \label before \caption on input line 85.
See the caption package documentation for explanation.


LaTeX Warning: Reference `all_single_pulses' on page 3 undefined on input line 
60.


Overfull \hbox (34.68916pt too wide) in paragraph at lines 93--105
 []$[]$ 
 []

[3] [4] [5]
Overfull \hbox (4.69585pt too wide) in paragraph at lines 239--240
[]\OT1/cmss/m/n/10 Generated the first en-cod-ing part, which will e-volve Z7 t
o Z24567. The files 'twqubit[]encoding1[]C' and 'twqubit[]encoding1[]H'
 []

[6] [7] [8] [9]
<Figures/thermal_and_pps_circuit.pdf, id=195, 578.16pt x 433.62pt>
File: Figures/thermal_and_pps_circuit.pdf Graphic file (type pdf)

<use Figures/thermal_and_pps_circuit.pdf> [10 <H:/Latex/Experiment Notes/12 qub
it/Figures/thermal_and_pps_circuit.pdf>]

LaTeX Font Warning: Font shape `OT1/cmss/m/it' in size <10> not available
(Font)              Font shape `OT1/cmss/m/sl' tried instead on input line 441.



LaTeX Warning: `!h' float specifier changed to `!ht'.

<Figures/thermal_and_pps_circuit_grape.pdf, id=223, 578.16pt x 433.62pt>
File: Figures/thermal_and_pps_circuit_grape.pdf Graphic file (type pdf)

<use Figures/thermal_and_pps_circuit_grape.pdf> [11] [12 <H:/Latex/Experiment N
otes/12 qubit/Figures/thermal_and_pps_circuit_grape.pdf>]
<Figures/comparison_C2.pdf, id=263, 520.34402pt x 433.62pt>
File: Figures/comparison_C2.pdf Graphic file (type pdf)

<use Figures/comparison_C2.pdf>
<Figures/comparison_C2_zoomin.pdf, id=264, 520.34402pt x 433.62pt>
File: Figures/comparison_C2_zoomin.pdf Graphic file (type pdf)

<use Figures/comparison_C2_zoomin.pdf>
<Figures/comparison_C7.pdf, id=265, 520.34402pt x 433.62pt>
File: Figures/comparison_C7.pdf Graphic file (type pdf)

<use Figures/comparison_C7.pdf>
<Figures/comparison_C7_zoomin.pdf, id=266, 520.34402pt x 433.62pt>
File: Figures/comparison_C7_zoomin.pdf Graphic file (type pdf)

<use Figures/comparison_C7_zoomin.pdf> [13] [14 <H:/Latex/Experiment Notes/12 q
ubit/Figures/comparison_C2.pdf> <H:/Latex/Experiment Notes/12 qubit/Figures/com
parison_C2_zoomin.pdf> <H:/Latex/Experiment Notes/12 qubit/Figures/comparison_C
7.pdf> <H:/Latex/Experiment Notes/12 qubit/Figures/comparison_C7_zoomin.pdf>]
[15]
Underfull \hbox (badness 10000) in paragraph at lines 564--570

 []


Underfull \hbox (badness 10000) in paragraph at lines 571--578

 []


Underfull \hbox (badness 10000) in paragraph at lines 589--596

 []

[16]
Underfull \hbox (badness 10000) in paragraph at lines 609--613

 []


Underfull \hbox (badness 10000) in paragraph at lines 614--617

 []

[17]
Underfull \hbox (badness 10000) in paragraph at lines 656--668

 []


Underfull \hbox (badness 10000) in paragraph at lines 671--675

 []


Underfull \hbox (badness 10000) in paragraph at lines 678--683

 []

[18]
Overfull \hbox (20.16374pt too wide) in paragraph at lines 688--689
\OT1/cmss/m/n/10 tra da-ta and plot fig-ures. The op-er-a-tors are saved in '$\
OMS/cmsy/m/n/10 n$\OT1/cmss/m/n/10 All[]Exp[]Operators' and the fig-ures in '$\
OMS/cmsy/m/n/10 n$\OT1/cmss/m/n/10 All[]Sim[]and[]Exp[]Compare[]Figures'. 
 []


Underfull \hbox (badness 10000) in paragraph at lines 692--704

 []


LaTeX Warning: Reference `2446and2447' on page 19 undefined on input line 715.


Underfull \hbox (badness 10000) in paragraph at lines 705--717

 []

[19]

LaTeX Warning: Reference `2446and2447' on page 20 undefined on input line 732.

) [20] ("H:\Latex\Experiment Notes\12 qubit\Appendix2.tex"

pdfTeX warning: (null) (file H:/Latex/Experiment Notes/12 qubit/Figures/12-spin
-pps-circuit.pdf): PDF inclusion: found PDF version <1.6>, but at most version 
<1.5> allowed
<Figures/12-spin-pps-circuit.pdf, id=416, 1622.7426pt x 951.97557pt>
File: Figures/12-spin-pps-circuit.pdf Graphic file (type pdf)

<use Figures/12-spin-pps-circuit.pdf>

pdfTeX warning: (null) (file H:/Latex/Experiment Notes/12 qubit/Figures/circuit
-simulation-result.pdf): PDF inclusion: found PDF version <1.6>, but at most ve
rsion <1.5> allowed
<Figures/circuit-simulation-result.pdf, id=417, 1622.7426pt x 951.97557pt>
File: Figures/circuit-simulation-result.pdf Graphic file (type pdf)

<use Figures/circuit-simulation-result.pdf> [21 <H:/Latex/Experiment Notes/12 q
ubit/Figures/12-spin-pps-circuit.pdf>] [22 <H:/Latex/Experiment Notes/12 qubit/
Figures/circuit-simulation-result.pdf>]
Underfull \hbox (badness 10000) in paragraph at lines 21--23

 []



pdfTeX warning: (null) (file H:/Latex/Experiment Notes/12 qubit/Figures/Thermal
_C2andC7.pdf): PDF inclusion: found PDF version <1.6>, but at most version <1.5
> allowed
<Figures/Thermal_C2andC7.pdf, id=490, 801.3153pt x 442.05132pt>
File: Figures/Thermal_C2andC7.pdf Graphic file (type pdf)

<use Figures/Thermal_C2andC7.pdf> [23 <H:/Latex/Experiment Notes/12 qubit/Figur
es/Thermal_C2andC7.pdf, page is rotated 270 degrees>]
Underfull \hbox (badness 10000) in paragraph at lines 52--54

 []



pdfTeX warning: (null) (file H:/Latex/Experiment Notes/12 qubit/Figures/Encodin
g1_without_decouple.pdf): PDF inclusion: found PDF version <1.6>, but at most v
ersion <1.5> allowed
<Figures/Encoding1_without_decouple.pdf, id=527, 813.81078pt x 466.5227pt>
File: Figures/Encoding1_without_decouple.pdf Graphic file (type pdf)

<use Figures/Encoding1_without_decouple.pdf> [24 <H:/Latex/Experiment Notes/12 
qubit/Figures/Encoding1_without_decouple.pdf, page is rotated 270 degrees>]

pdfTeX warning: (null) (file H:/Latex/Experiment Notes/12 qubit/Figures/Encodin
g1_with_decouple.pdf): PDF inclusion: found PDF version <1.6>, but at most vers
ion <1.5> allowed
<Figures/Encoding1_with_decouple.pdf, id=564, 812.24904pt x 467.04279pt>
File: Figures/Encoding1_with_decouple.pdf Graphic file (type pdf)

<use Figures/Encoding1_with_decouple.pdf> [25 <H:/Latex/Experiment Notes/12 qub
it/Figures/Encoding1_with_decouple.pdf, page is rotated 270 degrees>]
Underfull \hbox (badness 10000) in paragraph at lines 83--85

 []



pdfTeX warning: (null) (file H:/Latex/Experiment Notes/12 qubit/Figures/Encodin
g2_without_decouple.pdf): PDF inclusion: found PDF version <1.6>, but at most v
ersion <1.5> allowed
<Figures/Encoding2_without_decouple.pdf, id=601, 821.62144pt x 470.16774pt>
File: Figures/Encoding2_without_decouple.pdf Graphic file (type pdf)

<use Figures/Encoding2_without_decouple.pdf> [26 <H:/Latex/Experiment Notes/12 
qubit/Figures/Encoding2_without_decouple.pdf, page is rotated 270 degrees>]

pdfTeX warning: (null) (file H:/Latex/Experiment Notes/12 qubit/Figures/Encodin
g2_with_decouple.pdf): PDF inclusion: found PDF version <1.6>, but at most vers
ion <1.5> allowed
<Figures/Encoding2_with_decouple.pdf, id=638, 814.85275pt x 465.48103pt>
File: Figures/Encoding2_with_decouple.pdf Graphic file (type pdf)

<use Figures/Encoding2_with_decouple.pdf> [27 <H:/Latex/Experiment Notes/12 qub
it/Figures/Encoding2_with_decouple.pdf, page is rotated 270 degrees>]
<Figures/Encoding3_without_decouple.pdf, id=674, 514.37538pt x 421.64426pt>
File: Figures/Encoding3_without_decouple.pdf Graphic file (type pdf)

<use Figures/Encoding3_without_decouple.pdf> [28 <H:/Latex/Experiment Notes/12 
qubit/Figures/Encoding3_without_decouple.pdf>]
Underfull \hbox (badness 10000) in paragraph at lines 127--129

 []


<Figures/Compare_Thermal_with_and_without_SWAP.pdf, id=694, 512.23582pt x 411.3
1769pt>
File: Figures/Compare_Thermal_with_and_without_SWAP.pdf Graphic file (type pdf)

 <use Figures/Compare_Thermal_with_and_without_SWAP.pdf> [29 <H:/Latex/Experime
nt Notes/12 qubit/Figures/Compare_Thermal_with_and_without_SWAP.pdf>]
Underfull \hbox (badness 10000) in paragraph at lines 139--141

 []

<Figures/SWAP_Thermal_and_7-qubit_PPS.pdf, id=714, 522.17502pt x 415.90483pt>
File: Figures/SWAP_Thermal_and_7-qubit_PPS.pdf Graphic file (type pdf)

<use Figures/SWAP_Thermal_and_7-qubit_PPS.pdf> [30 <H:/Latex/Experiment Notes/1
2 qubit/Figures/SWAP_Thermal_and_7-qubit_PPS.pdf>]
Underfull \hbox (badness 10000) in paragraph at lines 151--154

 []


<Figures/7PPS_7PPSwith12Encoding_7PPSwith12EncodingandPC.pdf, id=734, 509.94185
pt x 418.5798pt>
File: Figures/7PPS_7PPSwith12Encoding_7PPSwith12EncodingandPC.pdf Graphic file 
(type pdf)

<use Figures/7PPS_7PPSwith12Encoding_7PPSwith12EncodingandPC.pdf> [31 <H:/Latex
/Experiment Notes/12 qubit/Figures/7PPS_7PPSwith12Encoding_7PPSwith12Encodingan
dPC.pdf>]
Underfull \hbox (badness 10000) in paragraph at lines 164--166

 []


Underfull \hbox (badness 10000) in paragraph at lines 167--169

 []


<Figures/Thermal_C7SWAPandC2NoSWAP_Hcouple.pdf, id=755, 501.3948pt x 403.2385pt
>
File: Figures/Thermal_C7SWAPandC2NoSWAP_Hcouple.pdf Graphic file (type pdf)
 <use Figures/Thermal_C7SWAPandC2NoSWAP_Hcouple.pdf> [32 <H:/Latex/Experiment N
otes/12 qubit/Figures/Thermal_C7SWAPandC2NoSWAP_Hcouple.pdf>]
Underfull \hbox (badness 10000) in paragraph at lines 179--181

 []


<Figures/Encoding1_C7andC2_SWAP_Hcouple.pdf, id=775, 502.29628pt x 417.81596pt>
File: Figures/Encoding1_C7andC2_SWAP_Hcouple.pdf Graphic file (type pdf)
<use Figures/Encoding1_C7andC2_SWAP_Hcouple.pdf> [33 <H:/Latex/Experiment Notes
/12 qubit/Figures/Encoding1_C7andC2_SWAP_Hcouple.pdf>]
<Figures/Encoding1_C7andC2_SWAP_Hdecouple.pdf, id=795, 495.7981pt x 411.31769pt
>
File: Figures/Encoding1_C7andC2_SWAP_Hdecouple.pdf Graphic file (type pdf)
 <use Figures/Encoding1_C7andC2_SWAP_Hdecouple.pdf> [34 <H:/Latex/Experiment No
tes/12 qubit/Figures/Encoding1_C7andC2_SWAP_Hdecouple.pdf>]
Underfull \hbox (badness 10000) in paragraph at lines 204--206

 []


<Figures/Encoding2_C7andC2_SWAP_Hcouple.pdf, id=815, 509.35344pt x 419.15495pt>
File: Figures/Encoding2_C7andC2_SWAP_Hcouple.pdf Graphic file (type pdf)
<use Figures/Encoding2_C7andC2_SWAP_Hcouple.pdf> [35 <H:/Latex/Experiment Notes
/12 qubit/Figures/Encoding2_C7andC2_SWAP_Hcouple.pdf>]
<Figures/Encoding2_C7andC2_SWAP_Hdecouple.pdf, id=835, 497.32732pt x 410.1714pt
>
File: Figures/Encoding2_C7andC2_SWAP_Hdecouple.pdf Graphic file (type pdf)
 <use Figures/Encoding2_C7andC2_SWAP_Hdecouple.pdf> [36 <H:/Latex/Experiment No
tes/12 qubit/Figures/Encoding2_C7andC2_SWAP_Hdecouple.pdf>]
Underfull \hbox (badness 10000) in paragraph at lines 229--231

 []


<Figures/Encoding3_Twice_C7andC2_SWAP_Hcouple.pdf, id=855, 501.14938pt x 413.22
983pt>
File: Figures/Encoding3_Twice_C7andC2_SWAP_Hcouple.pdf Graphic file (type pdf)
 <use Figures/Encoding3_Twice_C7andC2_SWAP_Hcouple.pdf> [37 <H:/Latex/Experimen
t Notes/12 qubit/Figures/Encoding3_Twice_C7andC2_SWAP_Hcouple.pdf>]
<Figures/Encoding3_Twice_C7andC2_SWAP_Hdecouple.pdf, id=876, 501.53262pt x 411.
70009pt>
File: Figures/Encoding3_Twice_C7andC2_SWAP_Hdecouple.pdf Graphic file (type pdf
)
 <use Figures/Encoding3_Twice_C7andC2_SWAP_Hdecouple.pdf> [38 <H:/Latex/Experim
ent Notes/12 qubit/Figures/Encoding3_Twice_C7andC2_SWAP_Hdecouple.pdf>]
Underfull \hbox (badness 10000) in paragraph at lines 254--256

 []


<Figures/Decoding1new_C7andC2_SWAP_Hcouple.pdf, id=896, 486.24158pt x 411.31769
pt>
File: Figures/Decoding1new_C7andC2_SWAP_Hcouple.pdf Graphic file (type pdf)
 <use Figures/Decoding1new_C7andC2_SWAP_Hcouple.pdf> [39 <H:/Latex/Experiment N
otes/12 qubit/Figures/Decoding1new_C7andC2_SWAP_Hcouple.pdf>]
<Figures/Decoding1new_C7andC2_SWAP_Hdecouple.pdf, id=916, 500.76787pt x 414.758
54pt>
File: Figures/Decoding1new_C7andC2_SWAP_Hdecouple.pdf Graphic file (type pdf)
 <use Figures/Decoding1new_C7andC2_SWAP_Hdecouple.pdf> [40 <H:/Latex/Experiment
 Notes/12 qubit/Figures/Decoding1new_C7andC2_SWAP_Hdecouple.pdf>]
Underfull \hbox (badness 10000) in paragraph at lines 279--281

 []


<Figures/Decoding2toEnd_C7andC2_SWAP_Hcouple.pdf, id=936, 492.73958pt x 412.082
53pt>
File: Figures/Decoding2toEnd_C7andC2_SWAP_Hcouple.pdf Graphic file (type pdf)
 <use Figures/Decoding2toEnd_C7andC2_SWAP_Hcouple.pdf> [41 <H:/Latex/Experiment
 Notes/12 qubit/Figures/Decoding2toEnd_C7andC2_SWAP_Hcouple.pdf>]
<Figures/Decoding2toEnd_C7andC2_SWAP_Hdecouple.pdf, id=956, 495.03325pt x 409.4
0656pt>
File: Figures/Decoding2toEnd_C7andC2_SWAP_Hdecouple.pdf Graphic file (type pdf)

 <use Figures/Decoding2toEnd_C7andC2_SWAP_Hdecouple.pdf>) [42
\@writefile{lof}{\contentsline {figure}{\numberline {28}{\ignorespaces \relax \
fontsize  {8}{9.5pt}\selectfont  \abovedisplayskip 6\p@ plus2\p@ minus4\p@ \bel
owdisplayskip \abovedisplayskip \abovedisplayshortskip \z@ plus\p@ \belowdispla
yshortskip 3\p@ plus\p@ minus2\p@ \def \leftmargin \leftmargini \topsep 4\p@ pl
us2\p@ minus2\p@ \parsep 2\p@ plus\p@ minus\p@ \itemsep \parsep {\leftmargin \l
eftmargini \topsep 3\p@ plus\p@ minus\p@ \parsep 2\p@ plus\p@ minus\p@ \itemsep
 \parsep }{Decoding2toEnd applied to generate 7 coherence. Observe C2 and C7 wi
th H decoupled. 10 scan.}\relax }}{42}{figure.caption.54}}
\newlabel{2446and2447}{{28}{42}{\footnotesize {Decoding2toEnd applied to genera
te 7 coherence. Observe C2 and C7 with H decoupled. 10 scan.}\relax \relax }{fi
gure.caption.54}{}}
 <H:/Latex/Experiment Notes/12 qubit/Figures/Decoding2toEnd_C7andC2_SWAP_Hdecou
ple.pdf>] ("H:\Latex\Experiment Notes\12 qubit\Appendix3.tex"
Overfull \hbox (34.68916pt too wide) in paragraph at lines 35--47
 []$[]$ 
 []

[43]) [44
\@writefile{toc}{\contentsline {subsection}{\numberline {}New Pulses with 0us B
uffer Delay}{44}{section*.61}}
] ("H:\Latex\Experiment Notes\12 qubit\twqubit.bbl")

Package natbib Warning: Empty `thebibliography' environment on input line 90.

[45]
Package atveryend Info: Empty hook `AfterLastShipout' on input line 93.
 ("H:\Latex\Experiment Notes\12 qubit\twqubit.aux"
("H:\Latex\Experiment Notes\12 qubit\main.aux")
("H:\Latex\Experiment Notes\12 qubit\Appendix.aux")
("H:\Latex\Experiment Notes\12 qubit\Appendix2.aux")
("H:\Latex\Experiment Notes\12 qubit\Appendix3.aux"))
Package atveryend Info: Executing hook `AtVeryEndDocument' on input line 93.
Package rerunfilecheck Info: File `twqubit.out' has not changed.
(rerunfilecheck)             Checksum: 6D2717D5A5ACE13C6091B6AABDA501B8;1374.


LaTeX Warning: There were undefined references.


LaTeX Warning: There were multiply-defined labels.

 ) 
Here is how much of TeX's memory you used:
 12055 strings out of 495362
 176802 string characters out of 3184024
 555873 words of memory out of 3000000
 14807 multiletter control sequences out of 15000+200000
 12619 words of font info for 48 fonts, out of 3000000 for 9000
 14 hyphenation exceptions out of 8191
 36i,16n,54p,982b,1275s stack positions out of 5000i,500n,10000p,200000b,50000s
pdfTeX warning (dest): name{code:combine_encoding1} has been referenced but d
oes not exist, replaced by a fixed one

pdfTeX warning (dest): name{code:read_power_phase} has been referenced but does
 not exist, replaced by a fixed one

pdfTeX warning (dest): name{code:check_grape} has been referenced but does not 
exist, replaced by a fixed one

{F:/CTEX/MiKTeX/fonts/enc/dvips/cm-super/cm-super-ts1.enc}<F:/CTEX/MiKTeX/fonts
/type1/public/amsfonts/cm/cmex10.pfb><F:/CTEX/MiKTeX/fonts/type1/public/amsfont
s/cm/cmmi10.pfb><F:/CTEX/MiKTeX/fonts/type1/public/amsfonts/cm/cmmi6.pfb><F:/CT
EX/MiKTeX/fonts/type1/public/amsfonts/cm/cmmi7.pfb><F:/CTEX/MiKTeX/fonts/type1/
public/amsfonts/cm/cmmi9.pfb><F:/CTEX/MiKTeX/fonts/type1/public/amsfonts/cm/cmr
10.pfb><F:/CTEX/MiKTeX/fonts/type1/public/amsfonts/cm/cmr6.pfb><F:/CTEX/MiKTeX/
fonts/type1/public/amsfonts/cm/cmr7.pfb><F:/CTEX/MiKTeX/fonts/type1/public/amsf
onts/cm/cmr9.pfb><F:/CTEX/MiKTeX/fonts/type1/public/amsfonts/cm/cmss10.pfb><F:/
CTEX/MiKTeX/fonts/type1/public/amsfonts/cm/cmss8.pfb><F:/CTEX/MiKTeX/fonts/type
1/public/amsfonts/cm/cmss9.pfb><F:/CTEX/MiKTeX/fonts/type1/public/amsfonts/cm/c
mssbx10.pfb><F:/CTEX/MiKTeX/fonts/type1/public/amsfonts/cm/cmssi10.pfb><F:/CTEX
/MiKTeX/fonts/type1/public/amsfonts/cm/cmsy10.pfb><F:/CTEX/MiKTeX/fonts/type1/p
ublic/amsfonts/cm/cmsy5.pfb><F:/CTEX/MiKTeX/fonts/type1/public/amsfonts/cm/cmsy
6.pfb><F:/CTEX/MiKTeX/fonts/type1/public/amsfonts/cm/cmsy7.pfb><F:/CTEX/MiKTeX/
fonts/type1/public/amsfonts/cm/cmsy9.pfb><F:/CTEX/MiKTeX/fonts/type1/public/ams
fonts/cm/cmtt10.pfb><F:/CTEX/MiKTeX/fonts/type1/public/cm-super/sftt1000.pfb>
Output written on twqubit.pdf (45 pages, 3863298 bytes).
PDF statistics:
 1103 PDF objects out of 1200 (max. 8388607)
 175 named destinations out of 1000 (max. 500000)
 253 words of extra memory for PDF output out of 10000 (max. 10000000)

